This is pdfTeX, Version 3.14159265-2.6-1.40.17 (MiKTeX 2.9.6100 64-bit) (preloaded format=pdflatex 2017.1.7)  16 MAR 2017 07:10
entering extended mode
**./Gupta_Goyal_16200660_16200726.tex
(Gupta_Goyal_16200660_16200726.tex
LaTeX2e <2016/03/31> patch level 3
Babel <3.9r> and hyphenation patterns for 75 language(s) loaded.
(C:\Users\Deepak\AppData\Roaming\MiKTeX\2.9\tex\latex\koma-script\scrartcl.cls
Document Class: scrartcl 2016/06/14 v3.21 KOMA-Script document class (article)
(C:\Users\Deepak\AppData\Roaming\MiKTeX\2.9\tex\latex\koma-script\scrkbase.sty
Package: scrkbase 2016/06/14 v3.21 KOMA-Script package (KOMA-Script-dependent b
asics and keyval usage)

(C:\Users\Deepak\AppData\Roaming\MiKTeX\2.9\tex\latex\koma-script\scrbase.sty
Package: scrbase 2016/06/14 v3.21 KOMA-Script package (KOMA-Script-independent 
basics and keyval usage)

("C:\Program Files\MiKTeX 2.9\tex\latex\graphics\keyval.sty"
Package: keyval 2014/10/28 v1.15 key=value parser (DPC)
\KV@toks@=\toks14
)
(C:\Users\Deepak\AppData\Roaming\MiKTeX\2.9\tex\latex\koma-script\scrlfile.sty
Package: scrlfile 2016/06/14 v3.21 KOMA-Script package (loading files)

Package scrlfile, 2016/06/14 v3.21 KOMA-Script package (loading files)
                  Copyright (C) Markus Kohm

)))
(C:\Users\Deepak\AppData\Roaming\MiKTeX\2.9\tex\latex\koma-script\tocbasic.sty
Package: tocbasic 2016/06/14 v3.21 KOMA-Script package (handling toc-files)
\scr@dte@tocline@numberwidth=\skip41
\scr@dte@tocline@numbox=\box26
)
Package tocbasic Info: omitting babel extension for `toc'
(tocbasic)             because of feature `nobabel' available
(tocbasic)             for `toc' on input line 130.
Package tocbasic Info: omitting babel extension for `lof'
(tocbasic)             because of feature `nobabel' available
(tocbasic)             for `lof' on input line 131.
Package tocbasic Info: omitting babel extension for `lot'
(tocbasic)             because of feature `nobabel' available
(tocbasic)             for `lot' on input line 132.
Class scrartcl Info: File `scrsize11pt.clo' used to setup font sizes on input l
ine 2052.

(C:\Users\Deepak\AppData\Roaming\MiKTeX\2.9\tex\latex\koma-script\scrsize11pt.c
lo
File: scrsize11pt.clo 2016/06/14 v3.21 KOMA-Script font size class option (11pt
)
)
(C:\Users\Deepak\AppData\Roaming\MiKTeX\2.9\tex\latex\koma-script\typearea.sty
Package: typearea 2016/06/14 v3.21 KOMA-Script package (type area)

Package typearea, 2016/06/14 v3.21 KOMA-Script package (type area)
                  Copyright (C) Frank Neukam, 1992-1994
                  Copyright (C) Markus Kohm, 1994-

\ta@bcor=\skip42
\ta@div=\count79
\ta@hblk=\skip43
\ta@vblk=\skip44
\ta@temp=\skip45
\footheight=\skip46
Package typearea Info: These are the values describing the layout:
(typearea)             DIV  = 10
(typearea)             BCOR = 0.0pt
(typearea)             \paperwidth      = 597.50793pt
(typearea)              \textwidth      = 418.25555pt
(typearea)              DIV departure   = -6%
(typearea)              \evensidemargin = 17.3562pt
(typearea)              \oddsidemargin  = 17.3562pt
(typearea)             \paperheight     = 845.04694pt
(typearea)              \textheight     = 595.80026pt
(typearea)              \topmargin      = -25.16531pt
(typearea)              \headheight     = 17.0pt
(typearea)              \headsep        = 20.40001pt
(typearea)              \topskip        = 11.0pt
(typearea)              \footskip       = 47.6pt
(typearea)              \baselineskip   = 13.6pt
(typearea)              on input line 1529.
)
\c@part=\count80
\c@section=\count81
\c@subsection=\count82
\c@subsubsection=\count83
\c@paragraph=\count84
\c@subparagraph=\count85
\scr@dte@part@maxnumwidth=\skip47
\scr@dte@section@maxnumwidth=\skip48
\scr@dte@subsection@maxnumwidth=\skip49
\scr@dte@subsubsection@maxnumwidth=\skip50
\scr@dte@paragraph@maxnumwidth=\skip51
\scr@dte@subparagraph@maxnumwidth=\skip52
LaTeX Info: Redefining \textsubscript on input line 4036.
\abovecaptionskip=\skip53
\belowcaptionskip=\skip54
\c@pti@nb@sid@b@x=\box27
\c@figure=\count86
\c@table=\count87
Class scrartcl Info: Redefining `\numberline' on input line 5049.
\bibindent=\dimen102
) ("C:\Program Files\MiKTeX 2.9\tex\latex\base\fontenc.sty"
Package: fontenc 2016/06/19 v1.99m Standard LaTeX package

("C:\Program Files\MiKTeX 2.9\tex\latex\base\t1enc.def"
File: t1enc.def 2016/06/19 v1.99m Standard LaTeX file
LaTeX Font Info:    Redeclaring font encoding T1 on input line 48.
))
("C:\Program Files\MiKTeX 2.9\tex\generic\babel\babel.sty"
Package: babel 2016/04/23 3.9r The Babel package

*************************************
* Local config file bblopts.cfg used
*
(C:\Users\Deepak\AppData\Roaming\MiKTeX\2.9\tex\latex\arabi\bblopts.cfg
File: bblopts.cfg 2005/09/08 v0.1 add Arabic and Farsi to "declared" options of
 babel
)
("C:\Program Files\MiKTeX 2.9\tex\latex\babel-english\english.ldf"
Language: english 2012/08/20 v3.3p English support from the babel system

("C:\Program Files\MiKTeX 2.9\tex\generic\babel\babel.def"
File: babel.def 2016/04/23 3.9r Babel common definitions
\babel@savecnt=\count88
\U@D=\dimen103
)
\l@canadian = a dialect from \language\l@american 
\l@australian = a dialect from \language\l@british 
\l@newzealand = a dialect from \language\l@british 
))
("C:\Program Files\MiKTeX 2.9\tex\latex\graphics\lscape.sty"
Package: lscape 2000/10/22 v3.01 Landscape Pages (DPC)

("C:\Program Files\MiKTeX 2.9\tex\latex\graphics\graphics.sty"
Package: graphics 2016/07/10 v1.0t Standard LaTeX Graphics (DPC,SPQR)

("C:\Program Files\MiKTeX 2.9\tex\latex\graphics\trig.sty"
Package: trig 2016/01/03 v1.10 sin cos tan (DPC)
)
("C:\Program Files\MiKTeX 2.9\tex\latex\graphics-cfg\graphics.cfg"
File: graphics.cfg 2016/06/04 v1.11 sample graphics configuration
)
Package graphics Info: Driver file: pdftex.def on input line 99.

("C:\Program Files\MiKTeX 2.9\tex\latex\graphics-def\pdftex.def"
File: pdftex.def 2016/07/10 v0.06j Graphics/color for pdfTeX

("C:\Program Files\MiKTeX 2.9\tex\generic\oberdiek\infwarerr.sty"
Package: infwarerr 2016/05/16 v1.4 Providing info/warning/error messages (HO)
)
("C:\Program Files\MiKTeX 2.9\tex\generic\oberdiek\ltxcmds.sty"
Package: ltxcmds 2016/05/16 v1.23 LaTeX kernel commands for general use (HO)
)
\Gread@gobject=\count89
)))
("C:\Program Files\MiKTeX 2.9\tex\latex\psnfss\mathptmx.sty"
Package: mathptmx 2005/04/12 PSNFSS-v9.2a Times w/ Math, improved (SPQR, WaS) 
LaTeX Font Info:    Redeclaring symbol font `operators' on input line 28.
LaTeX Font Info:    Overwriting symbol font `operators' in version `normal'
(Font)                  OT1/cmr/m/n --> OT1/ztmcm/m/n on input line 28.
LaTeX Font Info:    Overwriting symbol font `operators' in version `bold'
(Font)                  OT1/cmr/bx/n --> OT1/ztmcm/m/n on input line 28.
LaTeX Font Info:    Redeclaring symbol font `letters' on input line 29.
LaTeX Font Info:    Overwriting symbol font `letters' in version `normal'
(Font)                  OML/cmm/m/it --> OML/ztmcm/m/it on input line 29.
LaTeX Font Info:    Overwriting symbol font `letters' in version `bold'
(Font)                  OML/cmm/b/it --> OML/ztmcm/m/it on input line 29.
LaTeX Font Info:    Redeclaring symbol font `symbols' on input line 30.
LaTeX Font Info:    Overwriting symbol font `symbols' in version `normal'
(Font)                  OMS/cmsy/m/n --> OMS/ztmcm/m/n on input line 30.
LaTeX Font Info:    Overwriting symbol font `symbols' in version `bold'
(Font)                  OMS/cmsy/b/n --> OMS/ztmcm/m/n on input line 30.
LaTeX Font Info:    Redeclaring symbol font `largesymbols' on input line 31.
LaTeX Font Info:    Overwriting symbol font `largesymbols' in version `normal'
(Font)                  OMX/cmex/m/n --> OMX/ztmcm/m/n on input line 31.
LaTeX Font Info:    Overwriting symbol font `largesymbols' in version `bold'
(Font)                  OMX/cmex/m/n --> OMX/ztmcm/m/n on input line 31.
\symbold=\mathgroup4
\symitalic=\mathgroup5
LaTeX Font Info:    Redeclaring math alphabet \mathbf on input line 34.
LaTeX Font Info:    Overwriting math alphabet `\mathbf' in version `normal'
(Font)                  OT1/cmr/bx/n --> OT1/ptm/bx/n on input line 34.
LaTeX Font Info:    Overwriting math alphabet `\mathbf' in version `bold'
(Font)                  OT1/cmr/bx/n --> OT1/ptm/bx/n on input line 34.
LaTeX Font Info:    Redeclaring math alphabet \mathit on input line 35.
LaTeX Font Info:    Overwriting math alphabet `\mathit' in version `normal'
(Font)                  OT1/cmr/m/it --> OT1/ptm/m/it on input line 35.
LaTeX Font Info:    Overwriting math alphabet `\mathit' in version `bold'
(Font)                  OT1/cmr/bx/it --> OT1/ptm/m/it on input line 35.
LaTeX Info: Redefining \hbar on input line 50.
)
(C:\Users\Deepak\AppData\Roaming\MiKTeX\2.9\tex\latex\url\url.sty
\Urlmuskip=\muskip10
Package: url 2013/09/16  ver 3.4  Verb mode for urls, etc.
)
(C:\Users\Deepak\AppData\Roaming\MiKTeX\2.9\tex\latex\sectsty\sectsty.sty
Package: sectsty 2002/02/25 v2.0.2 Commands to change all sectional heading sty
les
)
(C:\Users\Deepak\AppData\Roaming\MiKTeX\2.9\tex\latex\natbib\natbib.sty
Package: natbib 2010/09/13 8.31b (PWD, AO)
\bibhang=\skip55
\bibsep=\skip56
LaTeX Info: Redefining \cite on input line 694.
\c@NAT@ctr=\count90
)
(C:\Users\Deepak\AppData\Roaming\MiKTeX\2.9\tex\latex\setspace\setspace.sty
Package: setspace 2011/12/19 v6.7a set line spacing
)
(C:\Users\Deepak\AppData\Roaming\MiKTeX\2.9\tex\latex\lipsum\lipsum.sty
Package: lipsum 2014/07/27 v1.3 150 paragraphs of Lorem Ipsum dummy text
\c@lips@count=\count91
)
("C:\Program Files\MiKTeX 2.9\tex\latex\amsmath\amsmath.sty"
Package: amsmath 2016/06/28 v2.15d AMS math features
\@mathmargin=\skip57

For additional information on amsmath, use the `?' option.
("C:\Program Files\MiKTeX 2.9\tex\latex\amsmath\amstext.sty"
Package: amstext 2000/06/29 v2.01 AMS text

("C:\Program Files\MiKTeX 2.9\tex\latex\amsmath\amsgen.sty"
File: amsgen.sty 1999/11/30 v2.0 generic functions
\@emptytoks=\toks15
\ex@=\dimen104
))
("C:\Program Files\MiKTeX 2.9\tex\latex\amsmath\amsbsy.sty"
Package: amsbsy 1999/11/29 v1.2d Bold Symbols
\pmbraise@=\dimen105
)
("C:\Program Files\MiKTeX 2.9\tex\latex\amsmath\amsopn.sty"
Package: amsopn 2016/03/08 v2.02 operator names
)
\inf@bad=\count92
LaTeX Info: Redefining \frac on input line 199.
\uproot@=\count93
\leftroot@=\count94
LaTeX Info: Redefining \overline on input line 297.
\classnum@=\count95
\DOTSCASE@=\count96
LaTeX Info: Redefining \ldots on input line 394.
LaTeX Info: Redefining \dots on input line 397.
LaTeX Info: Redefining \cdots on input line 518.
\Mathstrutbox@=\box28
\strutbox@=\box29
\big@size=\dimen106
LaTeX Font Info:    Redeclaring font encoding OML on input line 634.
LaTeX Font Info:    Redeclaring font encoding OMS on input line 635.
\macc@depth=\count97
\c@MaxMatrixCols=\count98
\dotsspace@=\muskip11
\c@parentequation=\count99
\dspbrk@lvl=\count100
\tag@help=\toks16
\row@=\count101
\column@=\count102
\maxfields@=\count103
\andhelp@=\toks17
\eqnshift@=\dimen107
\alignsep@=\dimen108
\tagshift@=\dimen109
\tagwidth@=\dimen110
\totwidth@=\dimen111
\lineht@=\dimen112
\@envbody=\toks18
\multlinegap=\skip58
\multlinetaggap=\skip59
\mathdisplay@stack=\toks19
LaTeX Info: Redefining \[ on input line 2739.
LaTeX Info: Redefining \] on input line 2740.
)
("C:\Program Files\MiKTeX 2.9\tex\latex\ltxmisc\relsize.sty"
Package: relsize 2003/07/04 ver 3.1
)
("C:\Program Files\MiKTeX 2.9\tex\latex\eurosym\eurosym.sty"
Package: eurosym 1998/08/06 v1.1 European currency symbol ``Euro''
\@eurobox=\box30
)
(C:\Users\Deepak\AppData\Roaming\MiKTeX\2.9\tex\latex\tcolorbox\tcolorbox.sty
Package: tcolorbox 2016/11/18 version 3.96 text color boxes

(C:\Users\Deepak\AppData\Roaming\MiKTeX\2.9\tex\latex\pgf\basiclayer\pgf.sty
(C:\Users\Deepak\AppData\Roaming\MiKTeX\2.9\tex\latex\pgf\utilities\pgfrcs.sty
(C:\Users\Deepak\AppData\Roaming\MiKTeX\2.9\tex\generic\pgf\utilities\pgfutil-c
ommon.tex
\pgfutil@everybye=\toks20
\pgfutil@tempdima=\dimen113
\pgfutil@tempdimb=\dimen114

(C:\Users\Deepak\AppData\Roaming\MiKTeX\2.9\tex\generic\pgf\utilities\pgfutil-c
ommon-lists.tex))
(C:\Users\Deepak\AppData\Roaming\MiKTeX\2.9\tex\generic\pgf\utilities\pgfutil-l
atex.def
\pgfutil@abb=\box31
 (C:\Users\Deepak\AppData\Roaming\MiKTeX\2.9\tex\latex\ms\everyshi.sty
Package: everyshi 2001/05/15 v3.00 EveryShipout Package (MS)
))
(C:\Users\Deepak\AppData\Roaming\MiKTeX\2.9\tex\generic\pgf\utilities\pgfrcs.co
de.tex
Package: pgfrcs 2015/08/07 v3.0.1a (rcs-revision 1.31)
))
Package: pgf 2015/08/07 v3.0.1a (rcs-revision 1.15)

(C:\Users\Deepak\AppData\Roaming\MiKTeX\2.9\tex\latex\pgf\basiclayer\pgfcore.st
y ("C:\Program Files\MiKTeX 2.9\tex\latex\graphics\graphicx.sty"
Package: graphicx 2014/10/28 v1.0g Enhanced LaTeX Graphics (DPC,SPQR)
\Gin@req@height=\dimen115
\Gin@req@width=\dimen116
)
(C:\Users\Deepak\AppData\Roaming\MiKTeX\2.9\tex\latex\pgf\systemlayer\pgfsys.st
y
(C:\Users\Deepak\AppData\Roaming\MiKTeX\2.9\tex\generic\pgf\systemlayer\pgfsys.
code.tex
Package: pgfsys 2014/07/09 v3.0.1a (rcs-revision 1.48)

(C:\Users\Deepak\AppData\Roaming\MiKTeX\2.9\tex\generic\pgf\utilities\pgfkeys.c
ode.tex
\pgfkeys@pathtoks=\toks21
\pgfkeys@temptoks=\toks22

(C:\Users\Deepak\AppData\Roaming\MiKTeX\2.9\tex\generic\pgf\utilities\pgfkeysfi
ltered.code.tex
\pgfkeys@tmptoks=\toks23
))
\pgf@x=\dimen117
\pgf@y=\dimen118
\pgf@xa=\dimen119
\pgf@ya=\dimen120
\pgf@xb=\dimen121
\pgf@yb=\dimen122
\pgf@xc=\dimen123
\pgf@yc=\dimen124
\w@pgf@writea=\write3
\r@pgf@reada=\read1
\c@pgf@counta=\count104
\c@pgf@countb=\count105
\c@pgf@countc=\count106
\c@pgf@countd=\count107
\t@pgf@toka=\toks24
\t@pgf@tokb=\toks25
\t@pgf@tokc=\toks26

(C:\Users\Deepak\AppData\Roaming\MiKTeX\2.9\tex\generic\pgf\systemlayer\pgf.cfg
File: pgf.cfg 2008/05/14  (rcs-revision 1.7)
)
Driver file for pgf: pgfsys-pdftex.def

(C:\Users\Deepak\AppData\Roaming\MiKTeX\2.9\tex\generic\pgf\systemlayer\pgfsys-
pdftex.def
File: pgfsys-pdftex.def 2014/10/11  (rcs-revision 1.35)

(C:\Users\Deepak\AppData\Roaming\MiKTeX\2.9\tex\generic\pgf\systemlayer\pgfsys-
common-pdf.def
File: pgfsys-common-pdf.def 2013/10/10  (rcs-revision 1.13)
)))
(C:\Users\Deepak\AppData\Roaming\MiKTeX\2.9\tex\generic\pgf\systemlayer\pgfsyss
oftpath.code.tex
File: pgfsyssoftpath.code.tex 2013/09/09  (rcs-revision 1.9)
\pgfsyssoftpath@smallbuffer@items=\count108
\pgfsyssoftpath@bigbuffer@items=\count109
)
(C:\Users\Deepak\AppData\Roaming\MiKTeX\2.9\tex\generic\pgf\systemlayer\pgfsysp
rotocol.code.tex
File: pgfsysprotocol.code.tex 2006/10/16  (rcs-revision 1.4)
))
(C:\Users\Deepak\AppData\Roaming\MiKTeX\2.9\tex\latex\xcolor\xcolor.sty
Package: xcolor 2016/05/11 v2.12 LaTeX color extensions (UK)

("C:\Program Files\MiKTeX 2.9\tex\latex\graphics-cfg\color.cfg"
File: color.cfg 2016/01/02 v1.6 sample color configuration
)
Package xcolor Info: Driver file: pdftex.def on input line 225.
Package xcolor Info: Model `cmy' substituted by `cmy0' on input line 1348.
Package xcolor Info: Model `hsb' substituted by `rgb' on input line 1352.
Package xcolor Info: Model `RGB' extended on input line 1364.
Package xcolor Info: Model `HTML' substituted by `rgb' on input line 1366.
Package xcolor Info: Model `Hsb' substituted by `hsb' on input line 1367.
Package xcolor Info: Model `tHsb' substituted by `hsb' on input line 1368.
Package xcolor Info: Model `HSB' substituted by `hsb' on input line 1369.
Package xcolor Info: Model `Gray' substituted by `gray' on input line 1370.
Package xcolor Info: Model `wave' substituted by `hsb' on input line 1371.
)
(C:\Users\Deepak\AppData\Roaming\MiKTeX\2.9\tex\generic\pgf\basiclayer\pgfcore.
code.tex
Package: pgfcore 2010/04/11 v3.0.1a (rcs-revision 1.7)

(C:\Users\Deepak\AppData\Roaming\MiKTeX\2.9\tex\generic\pgf\math\pgfmath.code.t
ex
(C:\Users\Deepak\AppData\Roaming\MiKTeX\2.9\tex\generic\pgf\math\pgfmathcalc.co
de.tex
(C:\Users\Deepak\AppData\Roaming\MiKTeX\2.9\tex\generic\pgf\math\pgfmathutil.co
de.tex)
(C:\Users\Deepak\AppData\Roaming\MiKTeX\2.9\tex\generic\pgf\math\pgfmathparser.
code.tex
\pgfmath@dimen=\dimen125
\pgfmath@count=\count110
\pgfmath@box=\box32
\pgfmath@toks=\toks27
\pgfmath@stack@operand=\toks28
\pgfmath@stack@operation=\toks29
)
(C:\Users\Deepak\AppData\Roaming\MiKTeX\2.9\tex\generic\pgf\math\pgfmathfunctio
ns.code.tex
(C:\Users\Deepak\AppData\Roaming\MiKTeX\2.9\tex\generic\pgf\math\pgfmathfunctio
ns.basic.code.tex)
(C:\Users\Deepak\AppData\Roaming\MiKTeX\2.9\tex\generic\pgf\math\pgfmathfunctio
ns.trigonometric.code.tex)
(C:\Users\Deepak\AppData\Roaming\MiKTeX\2.9\tex\generic\pgf\math\pgfmathfunctio
ns.random.code.tex)
(C:\Users\Deepak\AppData\Roaming\MiKTeX\2.9\tex\generic\pgf\math\pgfmathfunctio
ns.comparison.code.tex)
(C:\Users\Deepak\AppData\Roaming\MiKTeX\2.9\tex\generic\pgf\math\pgfmathfunctio
ns.base.code.tex)
(C:\Users\Deepak\AppData\Roaming\MiKTeX\2.9\tex\generic\pgf\math\pgfmathfunctio
ns.round.code.tex)
(C:\Users\Deepak\AppData\Roaming\MiKTeX\2.9\tex\generic\pgf\math\pgfmathfunctio
ns.misc.code.tex)
(C:\Users\Deepak\AppData\Roaming\MiKTeX\2.9\tex\generic\pgf\math\pgfmathfunctio
ns.integerarithmetics.code.tex)))
(C:\Users\Deepak\AppData\Roaming\MiKTeX\2.9\tex\generic\pgf\math\pgfmathfloat.c
ode.tex
\c@pgfmathroundto@lastzeros=\count111
))
(C:\Users\Deepak\AppData\Roaming\MiKTeX\2.9\tex\generic\pgf\basiclayer\pgfcorep
oints.code.tex
File: pgfcorepoints.code.tex 2013/10/07  (rcs-revision 1.27)
\pgf@picminx=\dimen126
\pgf@picmaxx=\dimen127
\pgf@picminy=\dimen128
\pgf@picmaxy=\dimen129
\pgf@pathminx=\dimen130
\pgf@pathmaxx=\dimen131
\pgf@pathminy=\dimen132
\pgf@pathmaxy=\dimen133
\pgf@xx=\dimen134
\pgf@xy=\dimen135
\pgf@yx=\dimen136
\pgf@yy=\dimen137
\pgf@zx=\dimen138
\pgf@zy=\dimen139
)
(C:\Users\Deepak\AppData\Roaming\MiKTeX\2.9\tex\generic\pgf\basiclayer\pgfcorep
athconstruct.code.tex
File: pgfcorepathconstruct.code.tex 2013/10/07  (rcs-revision 1.29)
\pgf@path@lastx=\dimen140
\pgf@path@lasty=\dimen141
)
(C:\Users\Deepak\AppData\Roaming\MiKTeX\2.9\tex\generic\pgf\basiclayer\pgfcorep
athusage.code.tex
File: pgfcorepathusage.code.tex 2014/11/02  (rcs-revision 1.24)
\pgf@shorten@end@additional=\dimen142
\pgf@shorten@start@additional=\dimen143
)
(C:\Users\Deepak\AppData\Roaming\MiKTeX\2.9\tex\generic\pgf\basiclayer\pgfcores
copes.code.tex
File: pgfcorescopes.code.tex 2015/05/08  (rcs-revision 1.46)
\pgfpic=\box33
\pgf@hbox=\box34
\pgf@layerbox@main=\box35
\pgf@picture@serial@count=\count112
)
(C:\Users\Deepak\AppData\Roaming\MiKTeX\2.9\tex\generic\pgf\basiclayer\pgfcoreg
raphicstate.code.tex
File: pgfcoregraphicstate.code.tex 2014/11/02  (rcs-revision 1.12)
\pgflinewidth=\dimen144
)
(C:\Users\Deepak\AppData\Roaming\MiKTeX\2.9\tex\generic\pgf\basiclayer\pgfcoret
ransformations.code.tex
File: pgfcoretransformations.code.tex 2015/08/07  (rcs-revision 1.20)
\pgf@pt@x=\dimen145
\pgf@pt@y=\dimen146
\pgf@pt@temp=\dimen147
)
(C:\Users\Deepak\AppData\Roaming\MiKTeX\2.9\tex\generic\pgf\basiclayer\pgfcoreq
uick.code.tex
File: pgfcorequick.code.tex 2008/10/09  (rcs-revision 1.3)
)
(C:\Users\Deepak\AppData\Roaming\MiKTeX\2.9\tex\generic\pgf\basiclayer\pgfcoreo
bjects.code.tex
File: pgfcoreobjects.code.tex 2006/10/11  (rcs-revision 1.2)
)
(C:\Users\Deepak\AppData\Roaming\MiKTeX\2.9\tex\generic\pgf\basiclayer\pgfcorep
athprocessing.code.tex
File: pgfcorepathprocessing.code.tex 2013/09/09  (rcs-revision 1.9)
)
(C:\Users\Deepak\AppData\Roaming\MiKTeX\2.9\tex\generic\pgf\basiclayer\pgfcorea
rrows.code.tex
File: pgfcorearrows.code.tex 2015/05/14  (rcs-revision 1.43)
\pgfarrowsep=\dimen148
)
(C:\Users\Deepak\AppData\Roaming\MiKTeX\2.9\tex\generic\pgf\basiclayer\pgfcores
hade.code.tex
File: pgfcoreshade.code.tex 2013/07/15  (rcs-revision 1.15)
\pgf@max=\dimen149
\pgf@sys@shading@range@num=\count113
)
(C:\Users\Deepak\AppData\Roaming\MiKTeX\2.9\tex\generic\pgf\basiclayer\pgfcorei
mage.code.tex
File: pgfcoreimage.code.tex 2013/07/15  (rcs-revision 1.18)

(C:\Users\Deepak\AppData\Roaming\MiKTeX\2.9\tex\generic\pgf\basiclayer\pgfcoree
xternal.code.tex
File: pgfcoreexternal.code.tex 2014/07/09  (rcs-revision 1.21)
\pgfexternal@startupbox=\box36
))
(C:\Users\Deepak\AppData\Roaming\MiKTeX\2.9\tex\generic\pgf\basiclayer\pgfcorel
ayers.code.tex
File: pgfcorelayers.code.tex 2013/07/18  (rcs-revision 1.7)
)
(C:\Users\Deepak\AppData\Roaming\MiKTeX\2.9\tex\generic\pgf\basiclayer\pgfcoret
ransparency.code.tex
File: pgfcoretransparency.code.tex 2013/09/30  (rcs-revision 1.5)
)
(C:\Users\Deepak\AppData\Roaming\MiKTeX\2.9\tex\generic\pgf\basiclayer\pgfcorep
atterns.code.tex
File: pgfcorepatterns.code.tex 2013/11/07  (rcs-revision 1.5)
)))
(C:\Users\Deepak\AppData\Roaming\MiKTeX\2.9\tex\generic\pgf\modules\pgfmodulesh
apes.code.tex
File: pgfmoduleshapes.code.tex 2014/03/21  (rcs-revision 1.35)
\pgfnodeparttextbox=\box37
)
(C:\Users\Deepak\AppData\Roaming\MiKTeX\2.9\tex\generic\pgf\modules\pgfmodulepl
ot.code.tex
File: pgfmoduleplot.code.tex 2015/08/03  (rcs-revision 1.13)
)
(C:\Users\Deepak\AppData\Roaming\MiKTeX\2.9\tex\latex\pgf\compatibility\pgfcomp
-version-0-65.sty
Package: pgfcomp-version-0-65 2007/07/03 v3.0.1a (rcs-revision 1.7)
\pgf@nodesepstart=\dimen150
\pgf@nodesepend=\dimen151
)
(C:\Users\Deepak\AppData\Roaming\MiKTeX\2.9\tex\latex\pgf\compatibility\pgfcomp
-version-1-18.sty
Package: pgfcomp-version-1-18 2007/07/23 v3.0.1a (rcs-revision 1.1)
)) ("C:\Program Files\MiKTeX 2.9\tex\latex\tools\verbatim.sty"
Package: verbatim 2014/10/28 v1.5q LaTeX2e package for verbatim enhancements
\every@verbatim=\toks30
\verbatim@line=\toks31
\verbatim@in@stream=\read2
) (C:\Users\Deepak\AppData\Roaming\MiKTeX\2.9\tex\latex\environ\environ.sty
Package: environ 2014/05/04 v0.3 A new way to define environments

(C:\Users\Deepak\AppData\Roaming\MiKTeX\2.9\tex\latex\trimspaces\trimspaces.sty
Package: trimspaces 2009/09/17 v1.1 Trim spaces around a token list
)) (C:\Users\Deepak\AppData\Roaming\MiKTeX\2.9\tex\latex\etoolbox\etoolbox.sty
Package: etoolbox 2017/01/02 v2.4 e-TeX tools for LaTeX (JAW)
\etb@tempcnta=\count114
)
\tcb@titlebox=\box38
\tcb@upperbox=\box39
\tcb@lowerbox=\box40
\tcb@phantombox=\box41
\c@tcbbreakpart=\count115
\c@tcblayer=\count116
\tcolorbox@number=\count117
\tcb@temp=\box42
\tcb@temp=\box43
\tcb@temp=\box44
\tcb@temp=\box45
\tcb@out=\write4
\tcb@record@out=\write5

(C:\Users\Deepak\AppData\Roaming\MiKTeX\2.9\tex\latex\tcolorbox\tcbraster.code.
tex
Library (tcolorbox): 'tcbraster.code.tex' version '3.96'
\c@tcbrastercolumn=\count118
\c@tcbrasterrow=\count119
\c@tcbraster=\count120
)
(C:\Users\Deepak\AppData\Roaming\MiKTeX\2.9\tex\latex\tcolorbox\tcbskins.code.t
ex
Library (tcolorbox): 'tcbskins.code.tex' version '3.96'

(C:\Users\Deepak\AppData\Roaming\MiKTeX\2.9\tex\latex\pgf\frontendlayer\tikz.st
y
(C:\Users\Deepak\AppData\Roaming\MiKTeX\2.9\tex\latex\pgf\utilities\pgffor.sty
(C:\Users\Deepak\AppData\Roaming\MiKTeX\2.9\tex\latex\pgf\utilities\pgfkeys.sty

(C:\Users\Deepak\AppData\Roaming\MiKTeX\2.9\tex\generic\pgf\utilities\pgfkeys.c
ode.tex))
(C:\Users\Deepak\AppData\Roaming\MiKTeX\2.9\tex\latex\pgf\math\pgfmath.sty
(C:\Users\Deepak\AppData\Roaming\MiKTeX\2.9\tex\generic\pgf\math\pgfmath.code.t
ex))
(C:\Users\Deepak\AppData\Roaming\MiKTeX\2.9\tex\generic\pgf\utilities\pgffor.co
de.tex
Package: pgffor 2013/12/13 v3.0.1a (rcs-revision 1.25)

(C:\Users\Deepak\AppData\Roaming\MiKTeX\2.9\tex\generic\pgf\math\pgfmath.code.t
ex)
\pgffor@iter=\dimen152
\pgffor@skip=\dimen153
\pgffor@stack=\toks32
\pgffor@toks=\toks33
))
(C:\Users\Deepak\AppData\Roaming\MiKTeX\2.9\tex\generic\pgf\frontendlayer\tikz\
tikz.code.tex
Package: tikz 2015/08/07 v3.0.1a (rcs-revision 1.151)

(C:\Users\Deepak\AppData\Roaming\MiKTeX\2.9\tex\generic\pgf\libraries\pgflibrar
yplothandlers.code.tex
File: pgflibraryplothandlers.code.tex 2013/08/31 v3.0.1a (rcs-revision 1.20)
\pgf@plot@mark@count=\count121
\pgfplotmarksize=\dimen154
)
\tikz@lastx=\dimen155
\tikz@lasty=\dimen156
\tikz@lastxsaved=\dimen157
\tikz@lastysaved=\dimen158
\tikzleveldistance=\dimen159
\tikzsiblingdistance=\dimen160
\tikz@figbox=\box46
\tikz@figbox@bg=\box47
\tikz@tempbox=\box48
\tikz@tempbox@bg=\box49
\tikztreelevel=\count122
\tikznumberofchildren=\count123
\tikznumberofcurrentchild=\count124
\tikz@fig@count=\count125

(C:\Users\Deepak\AppData\Roaming\MiKTeX\2.9\tex\generic\pgf\modules\pgfmodulema
trix.code.tex
File: pgfmodulematrix.code.tex 2013/09/17  (rcs-revision 1.8)
\pgfmatrixcurrentrow=\count126
\pgfmatrixcurrentcolumn=\count127
\pgf@matrix@numberofcolumns=\count128
)
\tikz@expandcount=\count129

(C:\Users\Deepak\AppData\Roaming\MiKTeX\2.9\tex\generic\pgf\frontendlayer\tikz\
libraries\tikzlibrarytopaths.code.tex
File: tikzlibrarytopaths.code.tex 2008/06/17 v3.0.1a (rcs-revision 1.2)
)))
\tcb@waterbox=\box50

(C:\Users\Deepak\AppData\Roaming\MiKTeX\2.9\tex\latex\tcolorbox\tcbskinsjigsaw.
code.tex
Library (tcolorbox): 'tcbskinsjigsaw.code.tex' version '3.96'
))
(C:\Users\Deepak\AppData\Roaming\MiKTeX\2.9\tex\latex\tcolorbox\tcbbreakable.co
de.tex
Library (tcolorbox): 'tcbbreakable.code.tex' version '3.96'
\tcb@testbox=\box51
\tcb@totalupperbox=\box52
\tcb@totallowerbox=\box53
)
(C:\Users\Deepak\AppData\Roaming\MiKTeX\2.9\tex\latex\tcolorbox\tcbhooks.code.t
ex
Library (tcolorbox): 'tcbhooks.code.tex' version '3.96'
)
(C:\Users\Deepak\AppData\Roaming\MiKTeX\2.9\tex\latex\tcolorbox\tcbtheorems.cod
e.tex
Library (tcolorbox): 'tcbtheorems.code.tex' version '3.96'
)
(C:\Users\Deepak\AppData\Roaming\MiKTeX\2.9\tex\latex\tcolorbox\tcbfitting.code
.tex
Library (tcolorbox): 'tcbfitting.code.tex' version '3.96'
\tcbfitdim=\dimen161
\tcb@lowerfitdim=\dimen162
\tcb@upperfitdim=\dimen163
\tcb@cur@hbadness=\count130
)
(C:\Users\Deepak\AppData\Roaming\MiKTeX\2.9\tex\latex\tcolorbox\tcbxparse.code.
tex
Library (tcolorbox): 'tcbxparse.code.tex' version '3.96'

(C:\Users\Deepak\AppData\Roaming\MiKTeX\2.9\tex\latex\l3packages\xparse\xparse.
sty (C:\Users\Deepak\AppData\Roaming\MiKTeX\2.9\tex\latex\l3kernel\expl3.sty
Package: expl3 2016/11/21 v6760 L3 programming layer (loader) 

(C:\Users\Deepak\AppData\Roaming\MiKTeX\2.9\tex\latex\l3kernel\expl3-code.tex
Package: expl3 2016/11/21 v6760 L3 programming layer (code)
L3 Module: l3bootstrap 2016/06/13 v6596 L3 Bootstrap code
L3 Module: l3names 2016/10/13 v6722 L3 Namespace for primitives
L3 Module: l3basics 2016/09/01 v6696 L3 Basic definitions
L3 Module: l3expan 2016/08/19 v6684 L3 Argument expansion
L3 Module: l3tl 2016/08/19 v6692 L3 Token lists
L3 Module: l3str 2016/08/19 v6692 L3 Strings
L3 Module: l3seq 2016/08/19 v6685 L3 Sequences and stacks
L3 Module: l3int 2016/09/07 v6700 L3 Integers
\c_max_int=\count131
\l_tmpa_int=\count132
\l_tmpb_int=\count133
\g_tmpa_int=\count134
\g_tmpb_int=\count135
L3 Module: l3quark 2016/08/19 v6685 L3 Quarks
L3 Module: l3prg 2016/08/18 v6679 L3 Control structures
\g__prg_map_int=\count136
L3 Module: l3clist 2016/08/19 v6685 L3 Comma separated lists
L3 Module: l3token 2016/09/01 v6695 L3 Experimental token manipulation
L3 Module: l3prop 2016/08/19 v6685 L3 Property lists
L3 Module: l3msg 2016/08/19 v6691 L3 Messages
L3 Module: l3file 2016/08/19 v6685 L3 File and I/O operations
\l_iow_line_count_int=\count137
\l__iow_target_count_int=\count138
\l__iow_current_line_int=\count139
\l__iow_current_word_int=\count140
\l__iow_current_indentation_int=\count141
L3 Module: l3skip 2016/08/19 v6692 L3 Dimensions and skips
\c_zero_dim=\dimen164
\c_max_dim=\dimen165
\l_tmpa_dim=\dimen166
\l_tmpb_dim=\dimen167
\g_tmpa_dim=\dimen168
\g_tmpb_dim=\dimen169
\c_zero_skip=\skip60
\c_max_skip=\skip61
\l_tmpa_skip=\skip62
\l_tmpb_skip=\skip63
\g_tmpa_skip=\skip64
\g_tmpb_skip=\skip65
\c_zero_muskip=\muskip12
\c_max_muskip=\muskip13
\l_tmpa_muskip=\muskip14
\l_tmpb_muskip=\muskip15
\g_tmpa_muskip=\muskip16
\g_tmpb_muskip=\muskip17
L3 Module: l3keys 2016/09/21 v6711 L3 Key-value interfaces
\l_keys_choice_int=\count142
L3 Module: l3fp 2016/11/21 v6761 L3 Floating points
\c__fp_leading_shift_int=\count143
\c__fp_middle_shift_int=\count144
\c__fp_trailing_shift_int=\count145
\c__fp_big_leading_shift_int=\count146
\c__fp_big_middle_shift_int=\count147
\c__fp_big_trailing_shift_int=\count148
\c__fp_Bigg_leading_shift_int=\count149
\c__fp_Bigg_middle_shift_int=\count150
\c__fp_Bigg_trailing_shift_int=\count151
L3 Module: l3box 2016/08/19 v6685 L3 Experimental boxes
\c_empty_box=\box54
\l_tmpa_box=\box55
\l_tmpb_box=\box56
\g_tmpa_box=\box57
\g_tmpb_box=\box58
L3 Module: l3coffins 2016/08/19 v6685 L3 Coffin code layer
\l__coffin_internal_box=\box59
\l__coffin_internal_dim=\dimen170
\l__coffin_offset_x_dim=\dimen171
\l__coffin_offset_y_dim=\dimen172
\l__coffin_x_dim=\dimen173
\l__coffin_y_dim=\dimen174
\l__coffin_x_prime_dim=\dimen175
\l__coffin_y_prime_dim=\dimen176
\c_empty_coffin=\box60
\l__coffin_aligned_coffin=\box61
\l__coffin_aligned_internal_coffin=\box62
\l_tmpa_coffin=\box63
\l_tmpb_coffin=\box64
\l__coffin_display_coffin=\box65
\l__coffin_display_coord_coffin=\box66
\l__coffin_display_pole_coffin=\box67
\l__coffin_display_offset_dim=\dimen177
\l__coffin_display_x_dim=\dimen178
\l__coffin_display_y_dim=\dimen179
L3 Module: l3color 2016/06/13 v6596 L3 Experimental color support
L3 Module: l3sys 2015/09/25 v6087 L3 Experimental system/runtime functions
L3 Module: l3candidates 2016/08/19 v6688 L3 Experimental additions to l3kernel
\l__box_top_dim=\dimen180
\l__box_bottom_dim=\dimen181
\l__box_left_dim=\dimen182
\l__box_right_dim=\dimen183
\l__box_top_new_dim=\dimen184
\l__box_bottom_new_dim=\dimen185
\l__box_left_new_dim=\dimen186
\l__box_right_new_dim=\dimen187
\l__box_internal_box=\box68
\l__coffin_bounding_shift_dim=\dimen188
\l__coffin_left_corner_dim=\dimen189
\l__coffin_right_corner_dim=\dimen190
\l__coffin_bottom_corner_dim=\dimen191
\l__coffin_top_corner_dim=\dimen192
\l__coffin_scaled_total_height_dim=\dimen193
\l__coffin_scaled_width_dim=\dimen194
L3 Module: l3luatex 2016/08/18 v6679 L3 Experimental LuaTeX-specific functions
)
(C:\Users\Deepak\AppData\Roaming\MiKTeX\2.9\tex\latex\l3kernel\l3pdfmode.def
File: l3pdfmode.def 2016/08/18 v6679 L3 Experimental driver: PDF mode
\l__driver_color_stack_int=\count152
\l__driver_tmp_box=\box69
))
Package: xparse 2016/11/21 v6760 L3 Experimental document command parser
\l__xparse_current_arg_int=\count153
\l__xparse_m_args_int=\count154
\l__xparse_mandatory_args_int=\count155
\l__xparse_processor_int=\count156
\l__xparse_v_nesting_int=\count157
)
.................................................
. LaTeX info: "xparse/define-command"
. 
. Defining command \tcboxverb with sig. ' O{} v ' on line 128.
.................................................
.................................................
. LaTeX info: "xparse/define-command"
. 
. Defining command \tcbsidebyside with sig. ' +O{} +m +m ' on line 280.
.................................................
)
(C:\Users\Deepak\AppData\Roaming\MiKTeX\2.9\tex\latex\tcolorbox\tcblistingsutf8
.code.tex
Library (tcolorbox): 'tcblistingsutf8.code.tex' version '3.96'
("C:\Program Files\MiKTeX 2.9\tex\latex\oberdiek\listingsutf8.sty"
Package: listingsutf8 2016/05/16 v1.3 Allow UTF-8 in listings input (HO)

(C:\Users\Deepak\AppData\Roaming\MiKTeX\2.9\tex\latex\listings\listings.sty
\lst@mode=\count158
\lst@gtempboxa=\box70
\lst@token=\toks34
\lst@length=\count159
\lst@currlwidth=\dimen195
\lst@column=\count160
\lst@pos=\count161
\lst@lostspace=\dimen196
\lst@width=\dimen197
\lst@newlines=\count162
\lst@lineno=\count163
\lst@maxwidth=\dimen198

(C:\Users\Deepak\AppData\Roaming\MiKTeX\2.9\tex\latex\listings\lstmisc.sty
File: lstmisc.sty 2015/06/04 1.6 (Carsten Heinz)
\c@lstnumber=\count164
\lst@skipnumbers=\count165
\lst@framebox=\box71
)
(C:\Users\Deepak\AppData\Roaming\MiKTeX\2.9\tex\latex\listings\listings.cfg
File: listings.cfg 2015/06/04 1.6 listings configuration
))
Package: listings 2015/06/04 1.6 (Carsten Heinz)

("C:\Program Files\MiKTeX 2.9\tex\generic\oberdiek\pdftexcmds.sty"
Package: pdftexcmds 2016/05/21 v0.22 Utility functions of pdfTeX for LuaTeX (HO
)

("C:\Program Files\MiKTeX 2.9\tex\generic\oberdiek\ifluatex.sty"
Package: ifluatex 2016/05/16 v1.4 Provides the ifluatex switch (HO)
Package ifluatex Info: LuaTeX not detected.
)
("C:\Program Files\MiKTeX 2.9\tex\generic\oberdiek\ifpdf.sty"
Package: ifpdf 2016/05/14 v3.1 Provides the ifpdf switch
)
Package pdftexcmds Info: LuaTeX not detected.
Package pdftexcmds Info: \pdf@primitive is available.
Package pdftexcmds Info: \pdf@ifprimitive is available.
Package pdftexcmds Info: \pdfdraftmode found.
)
("C:\Program Files\MiKTeX 2.9\tex\generic\oberdiek\stringenc.sty"
Package: stringenc 2016/05/16 v1.11 Convert strings between diff. encodings (HO
)

("C:\Program Files\MiKTeX 2.9\tex\generic\oberdiek\pdfescape.sty"
Package: pdfescape 2016/05/16 v1.14 Implements pdfTeX's escape features (HO)
)))
(C:\Users\Deepak\AppData\Roaming\MiKTeX\2.9\tex\latex\tcolorbox\tcblistings.cod
e.tex
Library (tcolorbox): 'tcblistings.code.tex' version '3.96'

(C:\Users\Deepak\AppData\Roaming\MiKTeX\2.9\tex\latex\tcolorbox\tcblistingscore
.code.tex
Library (tcolorbox): 'tcblistingscore.code.tex' version '3.96'

(C:\Users\Deepak\AppData\Roaming\MiKTeX\2.9\tex\latex\tcolorbox\tcbprocessing.c
ode.tex
Library (tcolorbox): 'tcbprocessing.code.tex' version '3.96'
("C:\Program Files\MiKTeX 2.9\tex\latex\tools\shellesc.sty"
Package: shellesc 2016/06/07 v0.02a unified shell escape interface for LaTeX
Package shellesc Info: Restricted shell escape enabled on input line 69.
))
\c@tcblisting=\count166
)))
(C:\Users\Deepak\AppData\Roaming\MiKTeX\2.9\tex\latex\tcolorbox\tcbexternal.cod
e.tex
Library (tcolorbox): 'tcbexternal.code.tex' version '3.96'
)
(C:\Users\Deepak\AppData\Roaming\MiKTeX\2.9\tex\latex\tcolorbox\tcbmagazine.cod
e.tex
Library (tcolorbox): 'tcbmagazine.code.tex' version '3.96'
)
(C:\Users\Deepak\AppData\Roaming\MiKTeX\2.9\tex\latex\tcolorbox\tcbvignette.cod
e.tex
Library (tcolorbox): 'tcbvignette.code.tex' version '3.96'

(C:\Users\Deepak\AppData\Roaming\MiKTeX\2.9\tex\generic\pgf\frontendlayer\tikz\
libraries\tikzlibraryfadings.code.tex
File: tikzlibraryfadings.code.tex 2009/11/15 v3.0.1a (rcs-revision 1.2)

(C:\Users\Deepak\AppData\Roaming\MiKTeX\2.9\tex\generic\pgf\libraries\pgflibrar
yfadings.code.tex
File: pgflibraryfadings.code.tex 2008/02/07 v3.0.1a (rcs-revision 1.3)
))))
(C:\Users\Deepak\AppData\Roaming\MiKTeX\2.9\tex\latex\inconsolata\inconsolata.s
ty
Package: inconsolata 2017/01/04 v1.112
 `inconsolata-zi4' v1.112, 2017/01/04 Text macros for Inconsolata (msharpe)
("C:\Program Files\MiKTeX 2.9\tex\latex\base\textcomp.sty"
Package: textcomp 2016/06/19 v1.99m Standard LaTeX package
Package textcomp Info: Sub-encoding information:
(textcomp)               5 = only ISO-Adobe without \textcurrency
(textcomp)               4 = 5 + \texteuro
(textcomp)               3 = 4 + \textohm
(textcomp)               2 = 3 + \textestimated + \textcurrency
(textcomp)               1 = TS1 - \textcircled - \t
(textcomp)               0 = TS1 (full)
(textcomp)             Font families with sub-encoding setting implement
(textcomp)             only a restricted character set as indicated.
(textcomp)             Family '?' is the default used for unknown fonts.
(textcomp)             See the documentation for details.
Package textcomp Info: Setting ? sub-encoding to TS1/1 on input line 79.

("C:\Program Files\MiKTeX 2.9\tex\latex\base\ts1enc.def"
File: ts1enc.def 2001/06/05 v3.0e (jk/car/fm) Standard LaTeX file
)
LaTeX Info: Redefining \oldstylenums on input line 334.
Package textcomp Info: Setting cmr sub-encoding to TS1/0 on input line 349.
Package textcomp Info: Setting cmss sub-encoding to TS1/0 on input line 350.
Package textcomp Info: Setting cmtt sub-encoding to TS1/0 on input line 351.
Package textcomp Info: Setting cmvtt sub-encoding to TS1/0 on input line 352.
Package textcomp Info: Setting cmbr sub-encoding to TS1/0 on input line 353.
Package textcomp Info: Setting cmtl sub-encoding to TS1/0 on input line 354.
Package textcomp Info: Setting ccr sub-encoding to TS1/0 on input line 355.
Package textcomp Info: Setting ptm sub-encoding to TS1/4 on input line 356.
Package textcomp Info: Setting pcr sub-encoding to TS1/4 on input line 357.
Package textcomp Info: Setting phv sub-encoding to TS1/4 on input line 358.
Package textcomp Info: Setting ppl sub-encoding to TS1/3 on input line 359.
Package textcomp Info: Setting pag sub-encoding to TS1/4 on input line 360.
Package textcomp Info: Setting pbk sub-encoding to TS1/4 on input line 361.
Package textcomp Info: Setting pnc sub-encoding to TS1/4 on input line 362.
Package textcomp Info: Setting pzc sub-encoding to TS1/4 on input line 363.
Package textcomp Info: Setting bch sub-encoding to TS1/4 on input line 364.
Package textcomp Info: Setting put sub-encoding to TS1/5 on input line 365.
Package textcomp Info: Setting uag sub-encoding to TS1/5 on input line 366.
Package textcomp Info: Setting ugq sub-encoding to TS1/5 on input line 367.
Package textcomp Info: Setting ul8 sub-encoding to TS1/4 on input line 368.
Package textcomp Info: Setting ul9 sub-encoding to TS1/4 on input line 369.
Package textcomp Info: Setting augie sub-encoding to TS1/5 on input line 370.
Package textcomp Info: Setting dayrom sub-encoding to TS1/3 on input line 371.
Package textcomp Info: Setting dayroms sub-encoding to TS1/3 on input line 372.

Package textcomp Info: Setting pxr sub-encoding to TS1/0 on input line 373.
Package textcomp Info: Setting pxss sub-encoding to TS1/0 on input line 374.
Package textcomp Info: Setting pxtt sub-encoding to TS1/0 on input line 375.
Package textcomp Info: Setting txr sub-encoding to TS1/0 on input line 376.
Package textcomp Info: Setting txss sub-encoding to TS1/0 on input line 377.
Package textcomp Info: Setting txtt sub-encoding to TS1/0 on input line 378.
Package textcomp Info: Setting lmr sub-encoding to TS1/0 on input line 379.
Package textcomp Info: Setting lmdh sub-encoding to TS1/0 on input line 380.
Package textcomp Info: Setting lmss sub-encoding to TS1/0 on input line 381.
Package textcomp Info: Setting lmssq sub-encoding to TS1/0 on input line 382.
Package textcomp Info: Setting lmvtt sub-encoding to TS1/0 on input line 383.
Package textcomp Info: Setting lmtt sub-encoding to TS1/0 on input line 384.
Package textcomp Info: Setting qhv sub-encoding to TS1/0 on input line 385.
Package textcomp Info: Setting qag sub-encoding to TS1/0 on input line 386.
Package textcomp Info: Setting qbk sub-encoding to TS1/0 on input line 387.
Package textcomp Info: Setting qcr sub-encoding to TS1/0 on input line 388.
Package textcomp Info: Setting qcs sub-encoding to TS1/0 on input line 389.
Package textcomp Info: Setting qpl sub-encoding to TS1/0 on input line 390.
Package textcomp Info: Setting qtm sub-encoding to TS1/0 on input line 391.
Package textcomp Info: Setting qzc sub-encoding to TS1/0 on input line 392.
Package textcomp Info: Setting qhvc sub-encoding to TS1/0 on input line 393.
Package textcomp Info: Setting futs sub-encoding to TS1/4 on input line 394.
Package textcomp Info: Setting futx sub-encoding to TS1/4 on input line 395.
Package textcomp Info: Setting futj sub-encoding to TS1/4 on input line 396.
Package textcomp Info: Setting hlh sub-encoding to TS1/3 on input line 397.
Package textcomp Info: Setting hls sub-encoding to TS1/3 on input line 398.
Package textcomp Info: Setting hlst sub-encoding to TS1/3 on input line 399.
Package textcomp Info: Setting hlct sub-encoding to TS1/5 on input line 400.
Package textcomp Info: Setting hlx sub-encoding to TS1/5 on input line 401.
Package textcomp Info: Setting hlce sub-encoding to TS1/5 on input line 402.
Package textcomp Info: Setting hlcn sub-encoding to TS1/5 on input line 403.
Package textcomp Info: Setting hlcw sub-encoding to TS1/5 on input line 404.
Package textcomp Info: Setting hlcf sub-encoding to TS1/5 on input line 405.
Package textcomp Info: Setting pplx sub-encoding to TS1/3 on input line 406.
Package textcomp Info: Setting pplj sub-encoding to TS1/3 on input line 407.
Package textcomp Info: Setting ptmx sub-encoding to TS1/4 on input line 408.
Package textcomp Info: Setting ptmj sub-encoding to TS1/4 on input line 409.
)
("C:\Program Files\MiKTeX 2.9\tex\latex\xkeyval\xkeyval.sty"
Package: xkeyval 2014/12/03 v2.7a package option processing (HA)

("C:\Program Files\MiKTeX 2.9\tex\generic\xkeyval\xkeyval.tex"
("C:\Program Files\MiKTeX 2.9\tex\generic\xkeyval\xkvutils.tex"
\XKV@toks=\toks35
\XKV@tempa@toks=\toks36
)
\XKV@depth=\count167
File: xkeyval.tex 2014/12/03 v2.7a key=value parser (HA)
))
\zifour@ocount=\count168
)
(C:\Users\Deepak\AppData\Roaming\MiKTeX\2.9\tex\latex\booktabs\booktabs.sty
Package: booktabs 2005/04/14 v1.61803 publication quality tables
\heavyrulewidth=\dimen199
\lightrulewidth=\dimen256
\cmidrulewidth=\dimen257
\belowrulesep=\dimen258
\belowbottomsep=\dimen259
\aboverulesep=\dimen260
\abovetopsep=\dimen261
\cmidrulesep=\dimen262
\cmidrulekern=\dimen263
\defaultaddspace=\dimen264
\@cmidla=\count169
\@cmidlb=\count170
\@aboverulesep=\dimen265
\@belowrulesep=\dimen266
\@thisruleclass=\count171
\@lastruleclass=\count172
\@thisrulewidth=\dimen267
)
\c@tcb@cnt@sexylisting=\count173
LaTeX Info: Redefining \rm on input line 25.
LaTeX Info: Redefining \sf on input line 26.
LaTeX Info: Redefining \tt on input line 27.
LaTeX Info: Redefining \bf on input line 28.
LaTeX Info: Redefining \it on input line 29.
LaTeX Info: Redefining \sl on input line 30.
LaTeX Info: Redefining \sc on input line 31.
LaTeX Info: Redefining \cal on input line 32.
LaTeX Info: Redefining \mit on input line 33.

(C:\Users\Deepak\AppData\Roaming\MiKTeX\2.9\tex\latex\caption\caption.sty
Package: caption 2016/02/21 v3.3-144 Customizing captions (AR)

(C:\Users\Deepak\AppData\Roaming\MiKTeX\2.9\tex\latex\caption\caption3.sty
Package: caption3 2016/05/22 v1.7-166 caption3 kernel (AR)
Package caption3 Info: TeX engine: e-TeX on input line 67.
\captionmargin=\dimen268
\captionmargin@=\dimen269
\captionwidth=\dimen270
\caption@tempdima=\dimen271
\caption@indent=\dimen272
\caption@parindent=\dimen273
\caption@hangindent=\dimen274
)
Package caption Info: KOMA-Script document class.
\c@ContinuedFloat=\count174
Package caption Info: listings package is loaded.
)
(C:\Users\Deepak\AppData\Roaming\MiKTeX\2.9\tex\latex\caption\subcaption.sty
Package: subcaption 2016/05/22 v1.1-161 Sub-captions (AR)
\c@subfigure=\count175
\c@subtable=\count176
)
(C:\Users\Deepak\AppData\Roaming\MiKTeX\2.9\tex\latex\preprint\authblk.sty
Package: authblk 2001/02/27 1.3 (PWD)
\affilsep=\skip66
\@affilsep=\skip67
\c@Maxaffil=\count177
\c@authors=\count178
\c@affil=\count179
)
("C:\Program Files\MiKTeX 2.9\tex\latex\geometry\geometry.sty"
Package: geometry 2010/09/12 v5.6 Page Geometry

("C:\Program Files\MiKTeX 2.9\tex\generic\oberdiek\ifvtex.sty"
Package: ifvtex 2016/05/16 v1.6 Detect VTeX and its facilities (HO)
Package ifvtex Info: VTeX not detected.
)
("C:\Program Files\MiKTeX 2.9\tex\generic\ifxetex\ifxetex.sty"
Package: ifxetex 2010/09/12 v0.6 Provides ifxetex conditional
)
\Gm@cnth=\count180
\Gm@cntv=\count181
\c@Gm@tempcnt=\count182
\Gm@bindingoffset=\dimen275
\Gm@wd@mp=\dimen276
\Gm@odd@mp=\dimen277
\Gm@even@mp=\dimen278
\Gm@layoutwidth=\dimen279
\Gm@layoutheight=\dimen280
\Gm@layouthoffset=\dimen281
\Gm@layoutvoffset=\dimen282
\Gm@dimlist=\toks37

("C:\Program Files\MiKTeX 2.9\tex\latex\geometry\geometry.cfg"))
("C:\Program Files\MiKTeX 2.9\tex\latex\tools\indentfirst.sty"
Package: indentfirst 1995/11/23 v1.03 Indent first paragraph (DPC)
)
(C:\Users\Deepak\AppData\Roaming\MiKTeX\2.9\tex\latex\dirtree\dirtree.sty
Package: dirtree 2012/12/11 v0.32 package wrapper for dirtree

(C:\Users\Deepak\AppData\Roaming\MiKTeX\2.9\tex\generic\dirtree\dirtree.tex
`dirtree' v0.32, 2012/12/11 (jcc)
\DT@offset=\dimen283
\DT@width=\dimen284
\DT@sep=\dimen285
\DT@all=\dimen286
\DT@rulewidth=\dimen287
\DT@dotwidth=\dimen288
\DTbaselineskip=\dimen289
\DT@counti=\count183
\DT@countii=\count184
\DT@countiii=\count185
\DT@countiv=\count186
\DT@indent=\dimen290
\DT@parskip=\dimen291
\DT@baselineskip=\dimen292
)
File: dirtree.tex 2012/12/11 v0.32 `dirtree' (jcc)
)
(C:\Users\Deepak\AppData\Roaming\MiKTeX\2.9\tex\latex\fancyvrb\fancyvrb.sty
Package: fancyvrb 2008/02/07

Style option: `fancyvrb' v2.7a, with DG/SPQR fixes, and firstline=lastline fix 
<2008/02/07> (tvz)
\FV@CodeLineNo=\count187
\FV@InFile=\read3
\FV@TabBox=\box72
\c@FancyVerbLine=\count188
\FV@StepNumber=\count189
\FV@OutFile=\write6
)

Class scrartcl Warning: Usage of package `fancyhdr' together
(scrartcl)              with a KOMA-Script class is not recommended.
(scrartcl)              I'd suggest to use 
(scrartcl)              package `scrlayer-scrpage'.
(scrartcl)              Nevertheless, using requested
(scrartcl)              package `fancyhdr' on input line 64.

(C:\Users\Deepak\AppData\Roaming\MiKTeX\2.9\tex\latex\fancyhdr\fancyhdr.sty
Package: fancyhdr 2016/09/06 3.8 Extensive control of page headers and footers
\fancy@headwidth=\skip68
\f@ncyO@elh=\skip69
\f@ncyO@erh=\skip70
\f@ncyO@olh=\skip71
\f@ncyO@orh=\skip72
\f@ncyO@elf=\skip73
\f@ncyO@erf=\skip74
\f@ncyO@olf=\skip75
\f@ncyO@orf=\skip76
)
(Gupta_Goyal_16200660_16200726.aux)
\openout1 = `Gupta_Goyal_16200660_16200726.aux'.

LaTeX Font Info:    Checking defaults for OML/cmm/m/it on input line 72.
LaTeX Font Info:    ... okay on input line 72.
LaTeX Font Info:    Checking defaults for T1/cmr/m/n on input line 72.
LaTeX Font Info:    ... okay on input line 72.
LaTeX Font Info:    Checking defaults for OT1/cmr/m/n on input line 72.
LaTeX Font Info:    ... okay on input line 72.
LaTeX Font Info:    Checking defaults for OMS/cmsy/m/n on input line 72.
LaTeX Font Info:    ... okay on input line 72.
LaTeX Font Info:    Checking defaults for OMX/cmex/m/n on input line 72.
LaTeX Font Info:    ... okay on input line 72.
LaTeX Font Info:    Checking defaults for U/cmr/m/n on input line 72.
LaTeX Font Info:    ... okay on input line 72.
LaTeX Font Info:    Checking defaults for TS1/cmr/m/n on input line 72.
LaTeX Font Info:    Try loading font information for TS1+cmr on input line 72.

("C:\Program Files\MiKTeX 2.9\tex\latex\base\ts1cmr.fd"
File: ts1cmr.fd 2014/09/29 v2.5h Standard LaTeX font definitions
)
LaTeX Font Info:    ... okay on input line 72.
LaTeX Font Info:    Try loading font information for T1+ptm on input line 72.

("C:\Program Files\MiKTeX 2.9\tex\latex\psnfss\t1ptm.fd"
File: t1ptm.fd 2001/06/04 font definitions for T1/ptm.
)
(C:\Users\Deepak\AppData\Roaming\MiKTeX\2.9\tex\context\base\supp-pdf.mkii
[Loading MPS to PDF converter (version 2006.09.02).]
\scratchcounter=\count190
\scratchdimen=\dimen293
\scratchbox=\box73
\nofMPsegments=\count191
\nofMParguments=\count192
\everyMPshowfont=\toks38
\MPscratchCnt=\count193
\MPscratchDim=\dimen294
\MPnumerator=\count194
\makeMPintoPDFobject=\count195
\everyMPtoPDFconversion=\toks39
) ("C:\Program Files\MiKTeX 2.9\tex\latex\oberdiek\epstopdf-base.sty"
Package: epstopdf-base 2016/05/15 v2.6 Base part for package epstopdf

("C:\Program Files\MiKTeX 2.9\tex\latex\oberdiek\grfext.sty"
Package: grfext 2016/05/16 v1.2 Manage graphics extensions (HO)

("C:\Program Files\MiKTeX 2.9\tex\generic\oberdiek\kvdefinekeys.sty"
Package: kvdefinekeys 2016/05/16 v1.4 Define keys (HO)
))
("C:\Program Files\MiKTeX 2.9\tex\latex\oberdiek\kvoptions.sty"
Package: kvoptions 2016/05/16 v3.12 Key value format for package options (HO)

("C:\Program Files\MiKTeX 2.9\tex\generic\oberdiek\kvsetkeys.sty"
Package: kvsetkeys 2016/05/16 v1.17 Key value parser (HO)

("C:\Program Files\MiKTeX 2.9\tex\generic\oberdiek\etexcmds.sty"
Package: etexcmds 2016/05/16 v1.6 Avoid name clashes with e-TeX commands (HO)
Package etexcmds Info: Could not find \expanded.
(etexcmds)             That can mean that you are not using pdfTeX 1.50 or
(etexcmds)             that some package has redefined \expanded.
(etexcmds)             In the latter case, load this package earlier.
)))
Package epstopdf-base Info: Redefining graphics rule for `.eps' on input line 4
38.
Package grfext Info: Graphics extension search list:
(grfext)             [.png,.pdf,.jpg,.mps,.jpeg,.jbig2,.jb2,.PNG,.PDF,.JPG,.JPE
G,.JBIG2,.JB2,.eps]
(grfext)             \AppendGraphicsExtensions on input line 456.
)
ABD: EveryShipout initializing macros
\c@lstlisting=\count196

("C:\Program Files\MiKTeX 2.9\tex\latex\base\inputenc.sty"
Package: inputenc 2015/03/17 v1.2c Input encoding file
\inpenc@prehook=\toks40
\inpenc@posthook=\toks41
)
(C:\Users\Deepak\AppData\Roaming\MiKTeX\2.9\tex\latex\upquote\upquote.sty
Package: upquote 2012/04/19 v1.3 upright-quote and grave-accent glyphs in verba
tim
)
Package caption Info: Begin \AtBeginDocument code.
Package caption Info: End \AtBeginDocument code.

*geometry* driver: auto-detecting
*geometry* detected driver: pdftex
*geometry* verbose mode - [ preamble ] result:
* driver: pdftex
* paper: a4paper
* layout: <same size as paper>
* layoutoffset:(h,v)=(0.0pt,0.0pt)
* modes: 
* h-part:(L,W,R)=(56.9055pt, 483.69684pt, 56.90553pt)
* v-part:(T,H,B)=(56.9055pt, 731.23582pt, 56.90552pt)
* \paperwidth=597.50787pt
* \paperheight=845.04684pt
* \textwidth=483.69684pt
* \textheight=731.23582pt
* \oddsidemargin=-15.36449pt
* \evensidemargin=-15.36449pt
* \topmargin=-52.7645pt
* \headheight=17.0pt
* \headsep=20.40001pt
* \topskip=11.0pt
* \footskip=28.45274pt
* \marginparwidth=59.7508pt
* \marginparsep=12.8401pt
* \columnsep=14.22636pt
* \skip\footins=10.0pt plus 4.0pt minus 2.0pt
* \hoffset=0.0pt
* \voffset=0.0pt
* \mag=1000
* \@twocolumnfalse
* \@twosidefalse
* \@mparswitchfalse
* \@reversemarginfalse
* (1in=72.27pt=25.4mm, 1cm=28.453pt)

<logo.png, id=40, 414.1071pt x 144.54pt>
File: logo.png Graphic file (type png)
 <use logo.png>
Package pdftex.def Info: logo.png used on input line 81.
(pdftex.def)             Requested size: 289.87299pt x 101.17729pt.
LaTeX Font Info:    Try loading font information for OT1+ztmcm on input line 10
2.

("C:\Program Files\MiKTeX 2.9\tex\latex\psnfss\ot1ztmcm.fd"
File: ot1ztmcm.fd 2000/01/03 Fontinst v1.801 font definitions for OT1/ztmcm.
)
LaTeX Font Info:    Try loading font information for OML+ztmcm on input line 10
2.

("C:\Program Files\MiKTeX 2.9\tex\latex\psnfss\omlztmcm.fd"
File: omlztmcm.fd 2000/01/03 Fontinst v1.801 font definitions for OML/ztmcm.
)
LaTeX Font Info:    Try loading font information for OMS+ztmcm on input line 10
2.

("C:\Program Files\MiKTeX 2.9\tex\latex\psnfss\omsztmcm.fd"
File: omsztmcm.fd 2000/01/03 Fontinst v1.801 font definitions for OMS/ztmcm.
)
LaTeX Font Info:    Try loading font information for OMX+ztmcm on input line 10
2.

("C:\Program Files\MiKTeX 2.9\tex\latex\psnfss\omxztmcm.fd"
File: omxztmcm.fd 2000/01/03 Fontinst v1.801 font definitions for OMX/ztmcm.
)
LaTeX Font Info:    Try loading font information for OT1+ptm on input line 102.


("C:\Program Files\MiKTeX 2.9\tex\latex\psnfss\ot1ptm.fd"
File: ot1ptm.fd 2001/06/04 font definitions for OT1/ptm.
)
LaTeX Font Info:    Font shape `OT1/ptm/bx/n' in size <10.95> not available
(Font)              Font shape `OT1/ptm/b/n' tried instead on input line 102.
LaTeX Font Info:    Font shape `OT1/ptm/bx/n' in size <8> not available
(Font)              Font shape `OT1/ptm/b/n' tried instead on input line 102.
LaTeX Font Info:    Font shape `OT1/ptm/bx/n' in size <6> not available
(Font)              Font shape `OT1/ptm/b/n' tried instead on input line 102.
 [1

{C:/Users/Deepak/AppData/Local/MiKTeX/2.9/pdftex/config/pdftex.map} <./logo.png
>]
LaTeX Font Info:    Try loading font information for T1+cmss on input line 146.


("C:\Program Files\MiKTeX 2.9\tex\latex\base\t1cmss.fd"
File: t1cmss.fd 2014/09/29 v2.5h Standard LaTeX font definitions
)
Overfull \hbox (36.65172pt too wide) in paragraph at lines 154--162
 [][] 
 []

LaTeX Font Info:    Font shape `T1/ptm/bx/n' in size <9> not available
(Font)              Font shape `T1/ptm/b/n' tried instead on input line 162.
<es1.png, id=47, 368.1253pt x 193.47281pt>
File: es1.png Graphic file (type png)
 <use es1.png>
Package pdftex.def Info: es1.png used on input line 170.
(pdftex.def)             Requested size: 239.27861pt x 125.75583pt.
LaTeX Font Info:    Font shape `T1/ptm/bx/n' in size <10> not available
(Font)              Font shape `T1/ptm/b/n' tried instead on input line 171.

<es2.png, id=48, 259.7203pt x 190.46156pt>
File: es2.png Graphic file (type png)
 <use es2.png>
Package pdftex.def Info: es2.png used on input line 176.
(pdftex.def)             Requested size: 168.8162pt x 123.79852pt.
 [2

 <./es1.png> <./es2.png>] [3


]
Underfull \hbox (badness 10000) in paragraph at lines 233--238

 []


Underfull \hbox (badness 10000) in paragraph at lines 233--238

 []


Underfull \hbox (badness 10000) in paragraph at lines 241--251

 []


Underfull \hbox (badness 10000) in paragraph at lines 241--251

 []


Underfull \hbox (badness 10000) in paragraph at lines 241--251

 []


Package Fancyhdr Warning: \headheight is too small (17.0pt): 
 Make it at least 25.10403pt.
 We now make it that large for the rest of the document.
 This may cause the page layout to be inconsistent, however.

[4]
Underfull \hbox (badness 10000) in paragraph at lines 255--263

 []

LaTeX Font Info:    Font shape `T1/ptm/bx/n' in size <10.95> not available
(Font)              Font shape `T1/ptm/b/n' tried instead on input line 270.
LaTeX Font Info:    Calculating math sizes for size <13.13995> on input line 27
7.
LaTeX Font Info:    Font shape `OT1/ptm/bx/n' in size <13.13995> not available
(Font)              Font shape `OT1/ptm/b/n' tried instead on input line 277.
LaTeX Font Info:    Font shape `OT1/ptm/bx/n' in size <9.72363> not available
(Font)              Font shape `OT1/ptm/b/n' tried instead on input line 277.
LaTeX Font Info:    Font shape `OT1/ptm/bx/n' in size <7.88405> not available
(Font)              Font shape `OT1/ptm/b/n' tried instead on input line 277.
LaTeX Font Info:    Calculating math sizes for size <15.76788> on input line 27
7.
LaTeX Font Info:    Font shape `OT1/ptm/bx/n' in size <15.76788> not available
(Font)              Font shape `OT1/ptm/b/n' tried instead on input line 277.
LaTeX Font Info:    Font shape `OT1/ptm/bx/n' in size <11.66832> not available
(Font)              Font shape `OT1/ptm/b/n' tried instead on input line 277.
LaTeX Font Info:    Font shape `OT1/ptm/bx/n' in size <9.46082> not available
(Font)              Font shape `OT1/ptm/b/n' tried instead on input line 277.
Missing character: There is no  in font zptmcm7t!
Missing character: There is no  in font zptmcm7t!
Missing character: There is no  in font zptmcm7t!
Missing character: There is no  in font zptmcm7t!
Missing character: There is no  in font zptmcm7t!
Missing character: There is no  in font zptmcm7t!
Missing character: There is no  in font zptmcm7t!
Missing character: There is no  in font zptmcm7t!
Missing character: There is no  in font zptmcm7t!
Missing character: There is no  in font zptmcm7t!
Missing character: There is no  in font zptmcm7t!
Missing character: There is no  in font zptmcm7t!
Missing character: There is no  in font zptmcm7t!
Missing character: There is no  in font zptmcm7t!
Missing character: There is no  in font zptmcm7t!
Missing character: There is no  in font zptmcm7t!
Missing character: There is no  in font zptmcm7t!
Missing character: There is no  in font zptmcm7t!
Missing character: There is no  in font zptmcm7t!
Missing character: There is no  in font zptmcm7t!
Missing character: There is no  in font zptmcm7t!
Missing character: There is no  in font zptmcm7t!
Missing character: There is no  in font zptmcm7t!
Missing character: There is no  in font zptmcm7t!
Missing character: There is no  in font zptmcm7t!
Missing character: There is no  in font zptmcm7t!
Missing character: There is no  in font zptmcm7t!
Missing character: There is no  in font zptmcm7t!
Missing character: There is no  in font zptmcm7t!
Missing character: There is no  in font zptmcm7t!
Missing character: There is no  in font zptmcm7t!
Missing character: There is no  in font zptmcm7t!
Missing character: There is no  in font zptmcm7t!
Missing character: There is no  in font zptmcm7t!
Missing character: There is no  in font zptmcm7t!
Missing character: There is no  in font zptmcm7t!
Missing character: There is no  in font zptmcm7t!
Missing character: There is no  in font zptmcm7t!
Missing character: There is no  in font zptmcm7t!
Missing character: There is no  in font zptmcm7t!
Missing character: There is no  in font zptmcm7t!
Missing character: There is no  in font zptmcm7t!
Missing character: There is no  in font zptmcm7t!
Missing character: There is no  in font zptmcm7t!
Missing character: There is no  in font zptmcm7t!
Missing character: There is no  in font zptmcm7t!
Missing character: There is no  in font zptmcm7t!
Missing character: There is no  in font zptmcm7t!
Missing character: There is no  in font zptmcm7t!
Missing character: There is no  in font zptmcm7t!
Missing character: There is no  in font zptmcm7t!
Missing character: There is no  in font zptmcm7t!
Missing character: There is no  in font zptmcm7t!
Missing character: There is no  in font zptmcm7t!
Missing character: There is no  in font zptmcm7t!
Missing character: There is no  in font zptmcm7t!
Missing character: There is no  in font zptmcm7t!
Missing character: There is no  in font zptmcm7t!
Missing character: There is no  in font zptmcm7t!
Missing character: There is no  in font zptmcm7t!
Missing character: There is no  in font zptmcm7t!
Missing character: There is no  in font zptmcm7t!
Missing character: There is no  in font zptmcm7t!
Missing character: There is no  in font zptmcm7t!
Missing character: There is no  in font zptmcm7t!
Missing character: There is no  in font zptmcm7t!
Missing character: There is no  in font zptmcm7t!
Missing character: There is no  in font zptmcm7t!
Missing character: There is no  in font zptmcm7t!
[5]
Underfull \hbox (badness 10000) in paragraph at lines 319--324

 []

[6]
LaTeX Font Info:    Font shape `T1/ptm/bx/n' in size <17.28> not available
(Font)              Font shape `T1/ptm/b/n' tried instead on input line 335.
LaTeX Font Info:    Try loading font information for T1+zi4 on input line 338.
 (C:\Users\Deepak\AppData\Roaming\MiKTeX\2.9\tex\latex\inconsolata\t1zi4.fd
File: t1zi4.fd 2016/12/29 T1/zi4 (Inconsolata)
)
LaTeX Font Info:    Font shape `T1/zi4/m/n' will be
(Font)              scaled to size 10.95pt on input line 338.
LaTeX Font Info:    Try loading font information for TS1+zi4 on input line 351.

(C:\Users\Deepak\AppData\Roaming\MiKTeX\2.9\tex\latex\inconsolata\ts1zi4.fd
File: ts1zi4.fd 2016/12/29 TS1/zi4 (Inconsolata)
)
LaTeX Font Info:    Font shape `TS1/zi4/m/n' will be
(Font)              scaled to size 10.95pt on input line 351.

[1

] [2]
Overfull \hbox (78.37616pt too wide) in paragraph at lines 480--480
[]\T1/zi4/m/n/10.95 PRICE: [ 89, 99, 119, 112,143,94,130,98,155,152,55,68,99,14
0,87,75,78,110,96,74] !Constraint coefficients[] 
 []


Overfull \hbox (134.96596pt too wide) in paragraph at lines 482--482
[]\T1/zi4/m/n/10.95 RATING: [7.8,8.3,8.0,8.7,8.0,8.1,8.6,8.9,8.9,8.4,9.5,7.6,9.
5,7.9,8.3,8.2,9.9,8.8,8.0,8.9] !Constraint coefficients[] 
 []

[3] [4]
Overfull \hbox (237.1509pt too wide) in paragraph at lines 571--571
[]\T1/zi4/m/n/10.95 PRICE: [ 89, 99, 119, 112,143,94,130,98,155,152,55,68,99,14
0,87,75,78,110,96,74,65,5,40,30,30,17,15,89,10,20] !Constraint coefficients[] 
 []


Overfull \hbox (353.96559pt too wide) in paragraph at lines 573--573
[]\T1/zi4/m/n/10.95 RATING: [7.8,8.3,8.0,8.7,8.0,8.1,8.6,8.9,8.9,8.4,9.5,7.6,9.
5,7.9,8.3,8.2,9.9,8.8,8.0,8.9,8.1,8.3,8.2,8.5,8.9,9.5,7.8,9.1,8.1,8.2] !Constra
int coefficients[] 
 []


Overfull \hbox (83.86232pt too wide) in paragraph at lines 575--575
[]\T1/zi4/m/n/10.95 AVAIL:[35,30,15,15,15,20,15,10,10,20,2,5,6,7,9,1,2,5,4,6,2,
5,4,6,1,2,3,17,2,5] !Values of the constraints[] 
 []

[5] [6] [7] (Gupta_Goyal_16200660_16200726.aux) ) 
Here is how much of TeX's memory you used:
 31672 strings out of 493333
 641031 string characters out of 3139192
 871376 words of memory out of 3000000
 34651 multiletter control sequences out of 15000+200000
 90335 words of font info for 134 fonts, out of 3000000 for 9000
 1141 hyphenation exceptions out of 8191
 65i,14n,105p,10514b,643s stack positions out of 5000i,500n,10000p,200000b,50000s
{C:/Users/Deepak/AppData/Roami
ng/MiKTeX/2.9/fonts/enc/dvips/inconsolata/i4-ts1.enc}{C:/Users/Deepak/AppData/R
oaming/MiKTeX/2.9/fonts/enc/dvips/inconsolata/i4-t1-0.enc} <C:\Users\Deepak\App
Data\Local\MiKTeX\2.9\fonts\pk\ljfour\jknappen\ec\dpi600\ecsx1200.pk> <C:\Users
\Deepak\AppData\Local\MiKTeX\2.9\fonts\pk\ljfour\jknappen\ec\dpi600\ecsx1440.pk
>{C:/Program Files/MiKTeX 2.9/fonts/enc/dvips/base/8r.enc} <C:\Users\Deepak\App
Data\Local\MiKTeX\2.9\fonts\pk\ljfour\jknappen\ec\dpi600\ecsx1095.pk> <C:\Users
\Deepak\AppData\Local\MiKTeX\2.9\fonts\pk\ljfour\jknappen\ec\dpi600\ecsx2074.pk
><C:/Users/Deepak/AppData/Roaming/MiKTeX/2.9/fonts/type1/public/inconsolata/Inc
onsolata-zi4r.pfb><C:/Program Files/MiKTeX 2.9/fonts/type1/public/amsfonts/cm/c
mmi10.pfb><C:/Program Files/MiKTeX 2.9/fonts/type1/public/amsfonts/cm/cmr10.pfb
><C:/Program Files/MiKTeX 2.9/fonts/type1/public/amsfonts/cm/cmsy10.pfb><C:/Pro
gram Files/MiKTeX 2.9/fonts/type1/public/eurosym/feymr10.pfb><C:/Users/Deepak/A
ppData/Roaming/MiKTeX/2.9/fonts/type1/urw/symbol/usyr.pfb><C:/Program Files/MiK
TeX 2.9/fonts/type1/urw/times/utmb8a.pfb><C:/Program Files/MiKTeX 2.9/fonts/typ
e1/urw/times/utmr8a.pfb><C:/Program Files/MiKTeX 2.9/fonts/type1/urw/times/utmr
i8a.pfb>
Output written on Gupta_Goyal_16200660_16200726.pdf (13 pages, 337431 bytes).
PDF statistics:
 271 PDF objects out of 1000 (max. 8388607)
 0 named destinations out of 1000 (max. 500000)
 172 words of extra memory for PDF output out of 10000 (max. 10000000)

